build/app/intermediates/manifest_merge_blame_file/debug/manifest-merger-blame-debug-report.txt
1<?xml version="1.0" encoding="utf-8"?>
2<manifest xmlns:android="http://schemas.android.com/apk/res/android"
3    package="com.keysight.pathwave.staging.pma"
4    android:versionCode="100"
5    android:versionName="1.0.0" >
6
7    <uses-sdk
8        android:minSdkVersion="23"
9        android:targetSdkVersion="31" />
10    <!--
11         Flutter needs it to communicate with the running application
12         to allow setting breakpoints, to provide hot reload, etc.
13    -->
14    <uses-permission android:name="android.permission.INTERNET" />
14-->src/main/AndroidManifest.xml:66:5-66
14-->src/main/AndroidManifest.xml:66:22-64
15    <uses-permission android:name="android.permission.ACCESS_NETWORK_STATE" />
15-->src/main/AndroidManifest.xml:67:5-79
15-->src/main/AndroidManifest.xml:67:22-76
16
17    <queries>
17-->src/main/AndroidManifest.xml:51:5-64:15
18        <intent>
18-->src/main/AndroidManifest.xml:52:9-57:18
19            <action android:name="android.intent.action.VIEW" />
19-->src/main/AndroidManifest.xml:53:13-65
19-->src/main/AndroidManifest.xml:53:21-62
20
21            <category android:name="android.intent.category.DEFAULT" />
21-->src/main/AndroidManifest.xml:54:13-72
21-->src/main/AndroidManifest.xml:54:23-69
22            <category android:name="android.intent.category.BROWSABLE" />
22-->src/main/AndroidManifest.xml:55:13-74
22-->src/main/AndroidManifest.xml:55:23-71
23
24            <data android:scheme="com.keysight.pathwave.staging.pma" />
24-->src/main/AndroidManifest.xml:56:13-72
24-->src/main/AndroidManifest.xml:56:19-69
25        </intent>
26        <intent>
26-->src/main/AndroidManifest.xml:58:9-63:18
27            <action android:name="android.intent.action.VIEW" />
27-->src/main/AndroidManifest.xml:53:13-65
27-->src/main/AndroidManifest.xml:53:21-62
28
29            <category android:name="android.intent.category.DEFAULT" />
29-->src/main/AndroidManifest.xml:54:13-72
29-->src/main/AndroidManifest.xml:54:23-69
30            <category android:name="android.intent.category.APP_BROWSER" />
30-->src/main/AndroidManifest.xml:61:13-76
30-->src/main/AndroidManifest.xml:61:23-73
31
32            <data android:scheme="com.keysight.pathwave.staging.pma" />
32-->src/main/AndroidManifest.xml:56:13-72
32-->src/main/AndroidManifest.xml:56:19-69
33        </intent>
34        <intent>
34-->[net.openid:appauth:0.11.1] AndroidManifest.xml:25:9-31:18
35            <action android:name="android.intent.action.VIEW" />
35-->src/main/AndroidManifest.xml:53:13-65
35-->src/main/AndroidManifest.xml:53:21-62
36
37            <category android:name="android.intent.category.BROWSABLE" />
37-->src/main/AndroidManifest.xml:55:13-74
37-->src/main/AndroidManifest.xml:55:23-71
38
39            <data android:scheme="https" />
39-->src/main/AndroidManifest.xml:56:13-72
39-->src/main/AndroidManifest.xml:56:19-69
40        </intent>
41    </queries>
42
43    <uses-permission android:name="android.permission.WAKE_LOCK" />
43-->src/main/AndroidManifest.xml:68:5-68
43-->src/main/AndroidManifest.xml:68:22-65
44    <uses-permission
44-->src/main/AndroidManifest.xml:69:5-107
45        android:name="android.permission.WRITE_EXTERNAL_STORAGE"
45-->src/main/AndroidManifest.xml:69:22-78
46        android:maxSdkVersion="28" />
46-->src/main/AndroidManifest.xml:69:79-105
47    <uses-permission android:name="android.permission.READ_EXTERNAL_STORAGE" />
47-->src/main/AndroidManifest.xml:70:5-79
47-->src/main/AndroidManifest.xml:70:22-77
48    <uses-permission android:name="android.permission.CAMERA" />
48-->src/main/AndroidManifest.xml:71:5-64
48-->src/main/AndroidManifest.xml:71:22-62
49    <uses-permission android:name="android.permission.ACCESS_MEDIA_LOCATION" />
49-->src/main/AndroidManifest.xml:72:5-79
49-->src/main/AndroidManifest.xml:72:22-77
50    <uses-permission android:name="android.permission.MANAGE_EXTERNAL_STORAGE" />
50-->src/main/AndroidManifest.xml:73:5-82
50-->src/main/AndroidManifest.xml:73:22-79
51    <uses-permission android:name="android.permission.RECEIVE_BOOT_COMPLETED" />
51-->[:flutter_local_notifications] AndroidManifest.xml:7:5-81
51-->[:flutter_local_notifications] AndroidManifest.xml:7:22-78
52    <uses-permission android:name="android.permission.VIBRATE" />
52-->[:flutter_local_notifications] AndroidManifest.xml:8:5-66
52-->[:flutter_local_notifications] AndroidManifest.xml:8:22-63
53    <uses-permission android:name="android.permission.USE_FULL_SCREEN_INTENT" />
53-->[:flutter_local_notifications] AndroidManifest.xml:9:5-81
53-->[:flutter_local_notifications] AndroidManifest.xml:9:22-78
54    <uses-permission android:name="android.permission.SCHEDULE_EXACT_ALARM" />
54-->[:flutter_local_notifications] AndroidManifest.xml:10:5-79
54-->[:flutter_local_notifications] AndroidManifest.xml:10:22-76
55    <uses-permission android:name="android.permission.POST_NOTIFICATIONS" /> <!-- Required by older versions of Google Play services to create IID tokens -->
55-->[com.google.firebase:firebase-messaging:23.0.6] AndroidManifest.xml:26:5-77
55-->[com.google.firebase:firebase-messaging:23.0.6] AndroidManifest.xml:26:22-74
56    <uses-permission android:name="com.google.android.c2dm.permission.RECEIVE" />
56-->[com.google.firebase:firebase-messaging:23.0.6] AndroidManifest.xml:29:5-82
56-->[com.google.firebase:firebase-messaging:23.0.6] AndroidManifest.xml:29:22-79
57    <uses-permission android:name="com.google.android.gms.permission.AD_ID" />
57-->[com.google.android.gms:play-services-measurement-api:21.1.0] AndroidManifest.xml:25:5-79
57-->[com.google.android.gms:play-services-measurement-api:21.1.0] AndroidManifest.xml:25:22-76
58    <uses-permission android:name="android.permission.ACCESS_WIFI_STATE" />
58-->[com.umeng.umsdk:push:6.5.1] AndroidManifest.xml:12:5-76
58-->[com.umeng.umsdk:push:6.5.1] AndroidManifest.xml:12:22-73
59    <uses-permission android:name="android.permission.READ_PHONE_STATE" />
59-->[com.umeng.umsdk:push:6.5.1] AndroidManifest.xml:14:5-75
59-->[com.umeng.umsdk:push:6.5.1] AndroidManifest.xml:14:22-72
60    <uses-permission android:name="com.google.android.finsky.permission.BIND_GET_INSTALL_REFERRER_SERVICE" /> <!-- Don't require camera, as this requires a rear camera. This allows it to work on the Nexus 7 -->
60-->[com.google.android.gms:play-services-measurement:21.1.0] AndroidManifest.xml:26:5-110
60-->[com.google.android.gms:play-services-measurement:21.1.0] AndroidManifest.xml:26:22-107
61    <uses-feature
61-->[com.journeyapps:zxing-android-embedded:4.3.0] AndroidManifest.xml:25:5-27:36
62        android:name="android.hardware.camera"
62-->[com.journeyapps:zxing-android-embedded:4.3.0] AndroidManifest.xml:26:9-47
63        android:required="false" />
63-->[com.journeyapps:zxing-android-embedded:4.3.0] AndroidManifest.xml:27:9-33
64    <uses-feature
64-->[com.journeyapps:zxing-android-embedded:4.3.0] AndroidManifest.xml:28:5-30:36
65        android:name="android.hardware.camera.front"
65-->[com.journeyapps:zxing-android-embedded:4.3.0] AndroidManifest.xml:29:9-53
66        android:required="false" /> <!-- TODO replace above two with next line after Android 4.2 -->
66-->[com.journeyapps:zxing-android-embedded:4.3.0] AndroidManifest.xml:30:9-33
67    <!-- <uses-feature android:name="android.hardware.camera.any"/> -->
68    <uses-feature
68-->[com.journeyapps:zxing-android-embedded:4.3.0] AndroidManifest.xml:33:5-35:36
69        android:name="android.hardware.camera.autofocus"
69-->[com.journeyapps:zxing-android-embedded:4.3.0] AndroidManifest.xml:34:9-57
70        android:required="false" />
70-->[com.journeyapps:zxing-android-embedded:4.3.0] AndroidManifest.xml:35:9-33
71    <uses-feature
71-->[com.journeyapps:zxing-android-embedded:4.3.0] AndroidManifest.xml:36:5-38:36
72        android:name="android.hardware.camera.flash"
72-->[com.journeyapps:zxing-android-embedded:4.3.0] AndroidManifest.xml:37:9-53
73        android:required="false" />
73-->[com.journeyapps:zxing-android-embedded:4.3.0] AndroidManifest.xml:38:9-33
74    <uses-feature
74-->[com.journeyapps:zxing-android-embedded:4.3.0] AndroidManifest.xml:39:5-41:36
75        android:name="android.hardware.screen.landscape"
75-->[com.journeyapps:zxing-android-embedded:4.3.0] AndroidManifest.xml:40:9-57
76        android:required="false" />
76-->[com.journeyapps:zxing-android-embedded:4.3.0] AndroidManifest.xml:41:9-33
77    <uses-feature
77-->[com.journeyapps:zxing-android-embedded:4.3.0] AndroidManifest.xml:42:5-44:36
78        android:name="android.hardware.wifi"
78-->[com.journeyapps:zxing-android-embedded:4.3.0] AndroidManifest.xml:43:9-45
79        android:required="false" />
79-->[com.journeyapps:zxing-android-embedded:4.3.0] AndroidManifest.xml:44:9-33
80
81    <application
81-->src/main/AndroidManifest.xml:5:4-49:19
82        android:name="com.keysight.pathwave.staging.pma.MainApplication"
82-->src/main/AndroidManifest.xml:6:9-73
83        android:allowBackup="false"
83-->src/main/AndroidManifest.xml:12:9-36
84        android:appComponentFactory="androidx.core.app.CoreComponentFactory"
84-->[androidx.core:core:1.7.0] AndroidManifest.xml:24:18-86
85        android:debuggable="true"
86        android:extractNativeLibs="false"
87        android:icon="@mipmap/ic_launcher"
87-->src/main/AndroidManifest.xml:8:9-43
88        android:label="Keysight PMA"
88-->src/main/AndroidManifest.xml:7:9-37
89        android:requestLegacyExternalStorage="true"
89-->src/main/AndroidManifest.xml:10:9-52
90        android:roundIcon="@mipmap/ic_launcher_round"
90-->src/main/AndroidManifest.xml:9:9-54
91        android:usesCleartextTraffic="true" >
91-->src/main/AndroidManifest.xml:11:9-44
92        <activity
92-->src/main/AndroidManifest.xml:14:9-43:20
93            android:name="com.keysight.pathwave.staging.pma.MainActivity"
93-->src/main/AndroidManifest.xml:15:13-41
94            android:configChanges="orientation|keyboardHidden|keyboard|screenSize|smallestScreenSize|locale|layoutDirection|fontScale|screenLayout|density|uiMode"
94-->src/main/AndroidManifest.xml:19:13-163
95            android:exported="true"
95-->src/main/AndroidManifest.xml:17:13-36
96            android:hardwareAccelerated="true"
96-->src/main/AndroidManifest.xml:20:13-47
97            android:launchMode="singleTop"
97-->src/main/AndroidManifest.xml:16:13-43
98            android:theme="@style/LaunchTheme"
98-->src/main/AndroidManifest.xml:18:13-47
99            android:windowSoftInputMode="adjustResize" >
99-->src/main/AndroidManifest.xml:21:13-55
100            <meta-data
100-->src/main/AndroidManifest.xml:23:13-25:54
101                android:name="io.flutter.embedding.android.NormalTheme"
101-->src/main/AndroidManifest.xml:24:15-70
102                android:resource="@style/NormalTheme" />
102-->src/main/AndroidManifest.xml:25:15-52
103            <meta-data
103-->src/main/AndroidManifest.xml:27:13-29:63
104                android:name="io.flutter.embedding.android.SplashScreenDrawable"
104-->src/main/AndroidManifest.xml:28:15-79
105                android:resource="@drawable/launch_background" />
105-->src/main/AndroidManifest.xml:29:15-61
106
107            <!--
108              <meta-data 
109              android:name="io.flutter.network-policy"
110              android:resource="@xml/network_security_config"/>
111            -->
112
113            <meta-data
113-->src/main/AndroidManifest.xml:35:13-37:57
114                android:name="com.google.firebase.messaging.default_notification_channel_id"
114-->src/main/AndroidManifest.xml:36:15-91
115                android:value="high_importance_channel" />
115-->src/main/AndroidManifest.xml:37:15-54
116
117            <intent-filter>
117-->src/main/AndroidManifest.xml:39:13-42:29
118                <action android:name="android.intent.action.MAIN" />
118-->src/main/AndroidManifest.xml:40:17-68
118-->src/main/AndroidManifest.xml:40:25-66
119
120                <category android:name="android.intent.category.LAUNCHER" />
120-->src/main/AndroidManifest.xml:41:17-76
120-->src/main/AndroidManifest.xml:41:27-74
121            </intent-filter>
122        </activity>
123        <!--
124             Don't delete the meta-data below.
125             This is used by the Flutter tool to generate GeneratedPluginRegistrant.java
126        -->
127        <meta-data
127-->src/main/AndroidManifest.xml:46:9-48:33
128            android:name="flutterEmbedding"
128-->src/main/AndroidManifest.xml:47:13-44
129            android:value="2" />
129-->src/main/AndroidManifest.xml:48:13-30
130
131        <service
131-->[:firebase_messaging] AndroidManifest.xml:12:9-15:72
132            android:name="io.flutter.plugins.firebase.messaging.FlutterFirebaseMessagingBackgroundService"
132-->[:firebase_messaging] AndroidManifest.xml:13:13-107
133            android:exported="false"
133-->[:firebase_messaging] AndroidManifest.xml:14:13-37
134            android:permission="android.permission.BIND_JOB_SERVICE" />
134-->[:firebase_messaging] AndroidManifest.xml:15:13-69
135        <service
135-->[:firebase_messaging] AndroidManifest.xml:16:9-22:19
136            android:name="io.flutter.plugins.firebase.messaging.FlutterFirebaseMessagingService"
136-->[:firebase_messaging] AndroidManifest.xml:17:13-97
137            android:exported="false" >
137-->[:firebase_messaging] AndroidManifest.xml:18:13-37
138            <intent-filter>
138-->[:firebase_messaging] AndroidManifest.xml:19:13-21:29
139                <action android:name="com.google.firebase.MESSAGING_EVENT" />
139-->[:firebase_messaging] AndroidManifest.xml:20:17-78
139-->[:firebase_messaging] AndroidManifest.xml:20:25-75
140            </intent-filter>
141        </service>
142
143        <receiver
143-->[:firebase_messaging] AndroidManifest.xml:24:9-31:20
144            android:name="io.flutter.plugins.firebase.messaging.FlutterFirebaseMessagingReceiver"
144-->[:firebase_messaging] AndroidManifest.xml:25:13-98
145            android:exported="true"
145-->[:firebase_messaging] AndroidManifest.xml:26:13-36
146            android:permission="com.google.android.c2dm.permission.SEND" >
146-->[:firebase_messaging] AndroidManifest.xml:27:13-73
147            <intent-filter>
147-->[:firebase_messaging] AndroidManifest.xml:28:13-30:29
148                <action android:name="com.google.android.c2dm.intent.RECEIVE" />
148-->[:firebase_messaging] AndroidManifest.xml:29:17-81
148-->[:firebase_messaging] AndroidManifest.xml:29:25-78
149            </intent-filter>
150        </receiver>
151
152        <service
152-->[:firebase_messaging] AndroidManifest.xml:33:9-37:19
153            android:name="com.google.firebase.components.ComponentDiscoveryService"
153-->[:firebase_messaging] AndroidManifest.xml:33:18-89
154            android:directBootAware="true"
154-->[com.google.firebase:firebase-common:20.1.1] AndroidManifest.xml:35:13-43
155            android:exported="false" >
155-->[com.google.firebase:firebase-messaging:23.0.6] AndroidManifest.xml:55:13-37
156            <meta-data
156-->[:firebase_messaging] AndroidManifest.xml:34:13-36:85
157                android:name="com.google.firebase.components:io.flutter.plugins.firebase.messaging.FlutterFirebaseAppRegistrar"
157-->[:firebase_messaging] AndroidManifest.xml:35:17-128
158                android:value="com.google.firebase.components.ComponentRegistrar" />
158-->[:firebase_messaging] AndroidManifest.xml:36:17-82
159            <meta-data
159-->[:firebase_analytics] AndroidManifest.xml:13:13-15:85
160                android:name="com.google.firebase.components:io.flutter.plugins.firebase.analytics.FlutterFirebaseAppRegistrar"
160-->[:firebase_analytics] AndroidManifest.xml:14:17-128
161                android:value="com.google.firebase.components.ComponentRegistrar" />
161-->[:firebase_analytics] AndroidManifest.xml:15:17-82
162            <meta-data
162-->[:firebase_core] AndroidManifest.xml:9:13-11:85
163                android:name="com.google.firebase.components:io.flutter.plugins.firebase.core.FlutterFirebaseCoreRegistrar"
163-->[:firebase_core] AndroidManifest.xml:10:17-124
164                android:value="com.google.firebase.components.ComponentRegistrar" />
164-->[:firebase_core] AndroidManifest.xml:11:17-82
165            <meta-data
165-->[com.google.firebase:firebase-messaging:23.0.6] AndroidManifest.xml:56:13-58:85
166                android:name="com.google.firebase.components:com.google.firebase.messaging.FirebaseMessagingRegistrar"
166-->[com.google.firebase:firebase-messaging:23.0.6] AndroidManifest.xml:57:17-119
167                android:value="com.google.firebase.components.ComponentRegistrar" />
167-->[com.google.firebase:firebase-messaging:23.0.6] AndroidManifest.xml:58:17-82
168            <meta-data
168-->[com.google.firebase:firebase-datatransport:18.1.5] AndroidManifest.xml:28:13-30:85
169                android:name="com.google.firebase.components:com.google.firebase.datatransport.TransportRegistrar"
169-->[com.google.firebase:firebase-datatransport:18.1.5] AndroidManifest.xml:29:17-115
170                android:value="com.google.firebase.components.ComponentRegistrar" />
170-->[com.google.firebase:firebase-datatransport:18.1.5] AndroidManifest.xml:30:17-82
171            <meta-data
171-->[com.google.android.gms:play-services-measurement-api:21.1.0] AndroidManifest.xml:31:13-33:85
172                android:name="com.google.firebase.components:com.google.firebase.analytics.connector.internal.AnalyticsConnectorRegistrar"
172-->[com.google.android.gms:play-services-measurement-api:21.1.0] AndroidManifest.xml:32:17-139
173                android:value="com.google.firebase.components.ComponentRegistrar" />
173-->[com.google.android.gms:play-services-measurement-api:21.1.0] AndroidManifest.xml:33:17-82
174            <meta-data
174-->[com.google.firebase:firebase-installations:17.0.1] AndroidManifest.xml:18:13-20:85
175                android:name="com.google.firebase.components:com.google.firebase.installations.FirebaseInstallationsRegistrar"
175-->[com.google.firebase:firebase-installations:17.0.1] AndroidManifest.xml:19:17-127
176                android:value="com.google.firebase.components.ComponentRegistrar" />
176-->[com.google.firebase:firebase-installations:17.0.1] AndroidManifest.xml:20:17-82
177        </service>
178
179        <provider
179-->[:firebase_messaging] AndroidManifest.xml:39:9-43:38
180            android:name="io.flutter.plugins.firebase.messaging.FlutterFirebaseMessagingInitProvider"
180-->[:firebase_messaging] AndroidManifest.xml:40:13-102
181            android:authorities="com.keysight.pathwave.staging.pma.flutterfirebasemessaginginitprovider"
181-->[:firebase_messaging] AndroidManifest.xml:41:13-88
182            android:exported="false"
182-->[:firebase_messaging] AndroidManifest.xml:42:13-37
183            android:initOrder="99" />
183-->[:firebase_messaging] AndroidManifest.xml:43:13-35
184
185        <activity
185-->[:url_launcher_android] AndroidManifest.xml:8:9-11:74
186            android:name="io.flutter.plugins.urllauncher.WebViewActivity"
186-->[:url_launcher_android] AndroidManifest.xml:9:13-74
187            android:exported="false"
187-->[:url_launcher_android] AndroidManifest.xml:10:13-37
188            android:theme="@android:style/Theme.NoTitleBar.Fullscreen" />
188-->[:url_launcher_android] AndroidManifest.xml:11:13-71
189
190        <receiver
190-->[:flutter_local_notifications] AndroidManifest.xml:13:9-15:40
191            android:name="com.dexterous.flutterlocalnotifications.ScheduledNotificationReceiver"
191-->[:flutter_local_notifications] AndroidManifest.xml:14:13-97
192            android:exported="false" />
192-->[:flutter_local_notifications] AndroidManifest.xml:15:13-37
193        <receiver
193-->[:flutter_local_notifications] AndroidManifest.xml:16:9-25:20
194            android:name="com.dexterous.flutterlocalnotifications.ScheduledNotificationBootReceiver"
194-->[:flutter_local_notifications] AndroidManifest.xml:17:13-101
195            android:exported="false" >
195-->[:flutter_local_notifications] AndroidManifest.xml:18:13-37
196            <intent-filter>
196-->[:flutter_local_notifications] AndroidManifest.xml:19:13-24:29
197                <action android:name="android.intent.action.BOOT_COMPLETED" />
197-->[:flutter_local_notifications] AndroidManifest.xml:20:17-79
197-->[:flutter_local_notifications] AndroidManifest.xml:20:25-76
198                <action android:name="android.intent.action.MY_PACKAGE_REPLACED" />
198-->[:flutter_local_notifications] AndroidManifest.xml:21:17-84
198-->[:flutter_local_notifications] AndroidManifest.xml:21:25-81
199                <action android:name="android.intent.action.QUICKBOOT_POWERON" />
199-->[:flutter_local_notifications] AndroidManifest.xml:22:17-82
199-->[:flutter_local_notifications] AndroidManifest.xml:22:25-79
200                <action android:name="com.htc.intent.action.QUICKBOOT_POWERON" />
200-->[:flutter_local_notifications] AndroidManifest.xml:23:17-82
200-->[:flutter_local_notifications] AndroidManifest.xml:23:25-79
201            </intent-filter>
202        </receiver>
203
204        <uses-library
204-->[androidx.window:window:1.0.0-beta04] AndroidManifest.xml:25:9-27:40
205            android:name="androidx.window.extensions"
205-->[androidx.window:window:1.0.0-beta04] AndroidManifest.xml:26:13-54
206            android:required="false" />
206-->[androidx.window:window:1.0.0-beta04] AndroidManifest.xml:27:13-37
207        <uses-library
207-->[androidx.window:window:1.0.0-beta04] AndroidManifest.xml:28:9-30:40
208            android:name="androidx.window.sidecar"
208-->[androidx.window:window:1.0.0-beta04] AndroidManifest.xml:29:13-51
209            android:required="false" />
209-->[androidx.window:window:1.0.0-beta04] AndroidManifest.xml:30:13-37
210
211        <receiver
211-->[com.google.firebase:firebase-messaging:23.0.6] AndroidManifest.xml:32:9-39:20
212            android:name="com.google.firebase.iid.FirebaseInstanceIdReceiver"
212-->[com.google.firebase:firebase-messaging:23.0.6] AndroidManifest.xml:33:13-78
213            android:exported="true"
213-->[com.google.firebase:firebase-messaging:23.0.6] AndroidManifest.xml:34:13-36
214            android:permission="com.google.android.c2dm.permission.SEND" >
214-->[com.google.firebase:firebase-messaging:23.0.6] AndroidManifest.xml:35:13-73
215            <intent-filter>
215-->[:firebase_messaging] AndroidManifest.xml:28:13-30:29
216                <action android:name="com.google.android.c2dm.intent.RECEIVE" />
216-->[:firebase_messaging] AndroidManifest.xml:29:17-81
216-->[:firebase_messaging] AndroidManifest.xml:29:25-78
217            </intent-filter>
218        </receiver>
219        <!--
220             FirebaseMessagingService performs security checks at runtime,
221             but set to not exported to explicitly avoid allowing another app to call it.
222        -->
223        <service
223-->[com.google.firebase:firebase-messaging:23.0.6] AndroidManifest.xml:45:9-52:19
224            android:name="com.google.firebase.messaging.FirebaseMessagingService"
224-->[com.google.firebase:firebase-messaging:23.0.6] AndroidManifest.xml:46:13-82
225            android:directBootAware="true"
225-->[com.google.firebase:firebase-messaging:23.0.6] AndroidManifest.xml:47:13-43
226            android:exported="false" >
226-->[com.google.firebase:firebase-messaging:23.0.6] AndroidManifest.xml:48:13-37
227            <intent-filter android:priority="-500" >
227-->[:firebase_messaging] AndroidManifest.xml:19:13-21:29
228                <action android:name="com.google.firebase.MESSAGING_EVENT" />
228-->[:firebase_messaging] AndroidManifest.xml:20:17-78
228-->[:firebase_messaging] AndroidManifest.xml:20:25-75
229            </intent-filter>
230        </service>
231        <service
231-->[com.google.android.datatransport:transport-backend-cct:3.1.6] AndroidManifest.xml:29:9-35:19
232            android:name="com.google.android.datatransport.runtime.backends.TransportBackendDiscovery"
232-->[com.google.android.datatransport:transport-backend-cct:3.1.6] AndroidManifest.xml:30:13-103
233            android:exported="false" >
233-->[com.google.android.datatransport:transport-backend-cct:3.1.6] AndroidManifest.xml:31:13-37
234            <meta-data
234-->[com.google.android.datatransport:transport-backend-cct:3.1.6] AndroidManifest.xml:32:13-34:39
235                android:name="backend:com.google.android.datatransport.cct.CctBackendFactory"
235-->[com.google.android.datatransport:transport-backend-cct:3.1.6] AndroidManifest.xml:33:17-94
236                android:value="cct" />
236-->[com.google.android.datatransport:transport-backend-cct:3.1.6] AndroidManifest.xml:34:17-36
237        </service>
238        <service
238-->[com.google.android.datatransport:transport-runtime:3.1.6] AndroidManifest.xml:26:9-30:19
239            android:name="com.google.android.datatransport.runtime.scheduling.jobscheduling.JobInfoSchedulerService"
239-->[com.google.android.datatransport:transport-runtime:3.1.6] AndroidManifest.xml:27:13-117
240            android:exported="false"
240-->[com.google.android.datatransport:transport-runtime:3.1.6] AndroidManifest.xml:28:13-37
241            android:permission="android.permission.BIND_JOB_SERVICE" >
241-->[com.google.android.datatransport:transport-runtime:3.1.6] AndroidManifest.xml:29:13-69
242        </service>
243
244        <receiver
244-->[com.google.android.datatransport:transport-runtime:3.1.6] AndroidManifest.xml:32:9-34:40
245            android:name="com.google.android.datatransport.runtime.scheduling.jobscheduling.AlarmManagerSchedulerBroadcastReceiver"
245-->[com.google.android.datatransport:transport-runtime:3.1.6] AndroidManifest.xml:33:13-132
246            android:exported="false" />
246-->[com.google.android.datatransport:transport-runtime:3.1.6] AndroidManifest.xml:34:13-37
247
248        <provider
248-->[com.google.firebase:firebase-common:20.1.1] AndroidManifest.xml:26:9-31:39
249            android:name="com.google.firebase.provider.FirebaseInitProvider"
249-->[com.google.firebase:firebase-common:20.1.1] AndroidManifest.xml:27:13-77
250            android:authorities="com.keysight.pathwave.staging.pma.firebaseinitprovider"
250-->[com.google.firebase:firebase-common:20.1.1] AndroidManifest.xml:28:13-72
251            android:directBootAware="true"
251-->[com.google.firebase:firebase-common:20.1.1] AndroidManifest.xml:29:13-43
252            android:exported="false"
252-->[com.google.firebase:firebase-common:20.1.1] AndroidManifest.xml:30:13-37
253            android:initOrder="100" />
253-->[com.google.firebase:firebase-common:20.1.1] AndroidManifest.xml:31:13-36
254
255        <service
255-->[com.umeng.umsdk:push:6.5.1] AndroidManifest.xml:18:9-28:19
256            android:name="com.taobao.accs.ChannelService"
256-->[com.umeng.umsdk:push:6.5.1] AndroidManifest.xml:19:13-58
257            android:exported="true"
257-->[com.umeng.umsdk:push:6.5.1] AndroidManifest.xml:20:13-36
258            android:process=":channel" >
258-->[com.umeng.umsdk:push:6.5.1] AndroidManifest.xml:21:13-39
259            <intent-filter>
259-->[com.umeng.umsdk:push:6.5.1] AndroidManifest.xml:22:13-24:29
260                <action android:name="com.taobao.accs.intent.action.SERVICE" />
260-->[com.umeng.umsdk:push:6.5.1] AndroidManifest.xml:23:17-80
260-->[com.umeng.umsdk:push:6.5.1] AndroidManifest.xml:23:25-77
261            </intent-filter>
262            <intent-filter>
262-->[com.umeng.umsdk:push:6.5.1] AndroidManifest.xml:25:13-27:29
263                <action android:name="com.taobao.accs.intent.action.ELECTION" />
263-->[com.umeng.umsdk:push:6.5.1] AndroidManifest.xml:26:17-81
263-->[com.umeng.umsdk:push:6.5.1] AndroidManifest.xml:26:25-78
264            </intent-filter>
265        </service>
266        <service
266-->[com.umeng.umsdk:push:6.5.1] AndroidManifest.xml:29:9-35:19
267            android:name="com.taobao.accs.data.MsgDistributeService"
267-->[com.umeng.umsdk:push:6.5.1] AndroidManifest.xml:30:13-69
268            android:exported="true" >
268-->[com.umeng.umsdk:push:6.5.1] AndroidManifest.xml:31:13-36
269            <intent-filter>
269-->[com.umeng.umsdk:push:6.5.1] AndroidManifest.xml:32:13-34:29
270                <action android:name="com.taobao.accs.intent.action.RECEIVE" />
270-->[com.umeng.umsdk:push:6.5.1] AndroidManifest.xml:33:17-80
270-->[com.umeng.umsdk:push:6.5.1] AndroidManifest.xml:33:25-77
271            </intent-filter>
272        </service>
273
274        <receiver
274-->[com.umeng.umsdk:push:6.5.1] AndroidManifest.xml:37:9-55:20
275            android:name="com.taobao.accs.EventReceiver"
275-->[com.umeng.umsdk:push:6.5.1] AndroidManifest.xml:38:13-57
276            android:exported="true"
276-->[com.umeng.umsdk:push:6.5.1] AndroidManifest.xml:39:13-36
277            android:process=":channel" >
277-->[com.umeng.umsdk:push:6.5.1] AndroidManifest.xml:40:13-39
278            <intent-filter>
278-->[com.umeng.umsdk:push:6.5.1] AndroidManifest.xml:41:13-43:29
279                <action android:name="android.intent.action.BOOT_COMPLETED" />
279-->[:flutter_local_notifications] AndroidManifest.xml:20:17-79
279-->[:flutter_local_notifications] AndroidManifest.xml:20:25-76
280            </intent-filter>
281            <intent-filter>
281-->[com.umeng.umsdk:push:6.5.1] AndroidManifest.xml:44:13-46:29
282                <action android:name="android.net.conn.CONNECTIVITY_CHANGE" />
282-->[com.umeng.umsdk:push:6.5.1] AndroidManifest.xml:45:17-79
282-->[com.umeng.umsdk:push:6.5.1] AndroidManifest.xml:45:25-76
283            </intent-filter>
284            <intent-filter>
284-->[com.umeng.umsdk:push:6.5.1] AndroidManifest.xml:47:13-49:29
285                <action android:name="android.intent.action.USER_PRESENT" />
285-->[com.umeng.umsdk:push:6.5.1] AndroidManifest.xml:48:17-77
285-->[com.umeng.umsdk:push:6.5.1] AndroidManifest.xml:48:25-74
286            </intent-filter>
287            <intent-filter>